2020-04-14,21:41:35.780 INFO {letsgo} [<module>] logging initialized
2020-04-14,21:41:35.780 INFO {income_manager} [__init__] Income Manager initialization
2020-04-14,21:41:35.782 INFO {letsgo} [create_flask_app] flask starting
2020-04-14,21:41:35.782 INFO {letsgo} [<module>] flask started main
 * Serving Flask app "letsgo" (lazy loading)
 * Environment: production
   WARNING: This is a development server. Do not use it in a production deployment.
   Use a production WSGI server instead.
 * Debug mode: on
2020-04-14,21:41:35.783 INFO {income_manager} [start_receiving] start_receiving
2020-04-14,21:41:35.790 INFO {income_manager} [start_listening] start listening on port 8008
2020-04-14,21:41:35.790 INFO {_internal} [_log]  * Running on http://0.0.0.0:5000/ (Press CTRL+C to quit)
2020-04-14,21:41:51.008 INFO {income_manager} [start_listening] connection accepted
2020-04-14,21:41:53.010 INFO {income_manager} [handle_income] handle_income starts
2020-04-14,21:41:54.511 INFO {income_manager} [handle_image] handling new image with image len 39032
2020-04-14,21:41:54.741 INFO {income_manager} [handle_image] handling new image with image len 45004
2020-04-14,21:41:55.046 INFO {income_manager} [handle_image] handling new image with image len 72637
2020-04-14,21:41:55.465 INFO {income_manager} [handle_image] handling new image with image len 63936
2020-04-14,21:41:55.702 INFO {income_manager} [handle_image] handling new image with image len 64874
2020-04-14,21:41:56.135 INFO {income_manager} [handle_image] handling new image with image len 76827
2020-04-14,21:41:56.392 INFO {income_manager} [handle_image] handling new image with image len 80972
2020-04-14,21:41:56.801 INFO {income_manager} [handle_image] handling new image with image len 99872
2020-04-14,21:41:57.063 INFO {income_manager} [handle_image] handling new image with image len 84003
2020-04-14,21:41:57.465 INFO {income_manager} [handle_image] handling new image with image len 84887
2020-04-14,21:41:57.735 INFO {income_manager} [handle_image] handling new image with image len 85656
2020-04-14,21:41:58.134 INFO {income_manager} [handle_image] handling new image with image len 106394
2020-04-14,21:41:58.396 INFO {income_manager} [handle_image] handling new image with image len 83973
2020-04-14,21:41:58.799 INFO {income_manager} [handle_image] handling new image with image len 87720
2020-04-14,21:41:59.106 INFO {income_manager} [handle_image] handling new image with image len 109737
2020-04-14,21:41:59.407 INFO {income_manager} [handle_image] handling new image with image len 88829
2020-04-14,21:41:59.738 INFO {income_manager} [handle_image] handling new image with image len 89015
2020-04-14,21:42:00.060 INFO {income_manager} [handle_image] handling new image with image len 82451
2020-04-14,21:42:00.465 INFO {income_manager} [handle_image] handling new image with image len 82893
2020-04-14,21:42:00.732 INFO {income_manager} [handle_image] handling new image with image len 85146
2020-04-14,21:42:01.133 INFO {income_manager} [handle_image] handling new image with image len 86120
2020-04-14,21:42:01.395 INFO {income_manager} [handle_image] handling new image with image len 83953
2020-04-14,21:42:01.799 INFO {income_manager} [handle_image] handling new image with image len 83175
2020-04-14,21:42:02.060 INFO {income_manager} [handle_image] handling new image with image len 82899
2020-04-14,21:42:02.465 INFO {income_manager} [handle_image] handling new image with image len 83179
2020-04-14,21:42:02.734 INFO {income_manager} [handle_image] handling new image with image len 84130
2020-04-14,21:42:03.132 INFO {income_manager} [handle_image] handling new image with image len 83958
2020-04-14,21:42:03.401 INFO {income_manager} [handle_image] handling new image with image len 84056
2020-04-14,21:42:03.728 INFO {income_manager} [handle_image] handling new image with image len 83950
2020-04-14,21:42:03.922 ERROR {income_manager} [handle_income] handle_income Exception unpack requires a bytes object of length 4
2020-04-14,21:42:03.923 INFO {income_manager} [handle_income] handle_income finally
